<?xml version="1.0" encoding="UTF-8"?>
<!-- Generated by org.testng.reporters.JUnitReportReporter -->
<testsuite hostname="DESKTOP-RTJBO88" failures="0" tests="2" name="Excel.Excelutils" time="2.329" errors="0" timestamp="2024-07-29T01:14:47 IST" skipped="0">
  <testcase classname="Excel.Excelutils" name="excel" time="2.187"/>
  <system-out/>
  <testcase classname="Excel.Excelutils" name="getCellData" time="0.142"/>
  <system-out/>
</testsuite> <!-- Excel.Excelutils -->
