<?xml version="1.0" encoding="UTF-8"?>
<!-- Generated by org.testng.reporters.JUnitReportReporter -->
<testsuite hostname="DESKTOP-RTJBO88" failures="0" tests="1" name="April.may.JavascriptOne" time="31.140" errors="0" timestamp="2024-06-21T01:20:13 IST" skipped="0">
  <testcase classname="April.may.JavascriptOne" name="javascriptOne" time="31.140"/>
  <system-out/>
</testsuite> <!-- April.may.JavascriptOne -->
