<?xml version="1.0" encoding="UTF-8"?>
<!-- Generated by org.testng.reporters.JUnitReportReporter -->
<testsuite hostname="DESKTOP-RTJBO88" failures="0" tests="1" name="April.may.RobotClass" time="22.800" errors="0" timestamp="2024-05-04T00:40:57 IST" skipped="0">
  <testcase classname="April.may.RobotClass" name="login" time="22.800"/>
  <system-out/>
</testsuite> <!-- April.may.RobotClass -->
