<?xml version="1.0" encoding="UTF-8"?>
<!-- Generated by org.testng.reporters.JUnitReportReporter -->
<testsuite hostname="DESKTOP-RTJBO88" failures="0" tests="1" name="Frames.iFrames" time="16.341" errors="0" timestamp="2024-08-18T19:20:00 IST" skipped="0">
  <testcase classname="Frames.iFrames" name="enterTextInIframes" time="16.341"/>
  <system-out/>
</testsuite> <!-- Frames.iFrames -->
