<?xml version="1.0" encoding="UTF-8"?>
<!-- Generated by org.testng.reporters.JUnitReportReporter -->
<testsuite hostname="DESKTOP-RTJBO88" failures="0" tests="1" name="April.may.ActionClasses" time="15.353" errors="0" timestamp="2024-06-07T18:24:33 IST" skipped="0">
  <testcase classname="April.may.ActionClasses" name="logins" time="15.353"/>
  <system-out/>
</testsuite> <!-- April.may.ActionClasses -->
