<?xml version="1.0" encoding="UTF-8"?>
<!-- Generated by org.testng.reporters.JUnitReportReporter -->
<testsuite hostname="DESKTOP-RTJBO88" failures="0" tests="1" name="April.may.ReloadPageUsingJavascript" time="8.291" errors="0" timestamp="2024-07-01T13:31:10 EAT" skipped="0">
  <testcase classname="April.may.ReloadPageUsingJavascript" name="refreshThepage" time="8.291"/>
  <system-out/>
</testsuite> <!-- April.may.ReloadPageUsingJavascript -->
