<?xml version="1.0" encoding="UTF-8"?>
<!-- Generated by org.testng.reporters.JUnitReportReporter -->
<testsuite hostname="DESKTOP-RTJBO88" failures="0" tests="1" name="April.may.Screenshot" time="12.799" errors="0" timestamp="2024-05-03T20:18:17 IST" skipped="0">
  <testcase classname="April.may.Screenshot" name="takescreenshot" time="12.799"/>
  <system-out/>
</testsuite> <!-- April.may.Screenshot -->
