<?xml version="1.0" encoding="UTF-8"?>
<!-- Generated by org.testng.reporters.JUnitReportReporter -->
<testsuite hostname="DESKTOP-RTJBO88" failures="0" tests="1" name="April.may.CountTechnicianInjobqueue" time="121.160" errors="0" timestamp="2024-07-03T22:49:59 EAT" skipped="0">
  <testcase classname="April.may.CountTechnicianInjobqueue" name="countTechnician" time="121.160"/>
  <system-out/>
</testsuite> <!-- April.may.CountTechnicianInjobqueue -->
