<?xml version="1.0" encoding="UTF-8"?>
<!-- Generated by org.testng.reporters.JUnitReportReporter -->
<testsuite hostname="DESKTOP-RTJBO88" failures="0" tests="1" name="April.may.ClassA" time="30.529" errors="0" timestamp="2024-04-16T23:53:00 IST" skipped="0">
  <testcase classname="April.may.ClassA" name="newlogin" time="30.529"/>
  <system-out/>
</testsuite> <!-- April.may.ClassA -->
