<?xml version="1.0" encoding="UTF-8"?>
<!-- Generated by org.testng.reporters.JUnitReportReporter -->
<testsuite hostname="DESKTOP-RTJBO88" failures="0" tests="1" name="April.may.dragAndDrop" time="8.063" errors="0" timestamp="2024-04-20T16:56:01 IST" skipped="0">
  <testcase classname="April.may.dragAndDrop" name="newlogin" time="8.063"/>
  <system-out/>
</testsuite> <!-- April.may.dragAndDrop -->
