<?xml version="1.0" encoding="UTF-8"?>
<!-- Generated by org.testng.reporters.JUnitReportReporter -->
<testsuite hostname="DESKTOP-RTJBO88" failures="0" tests="1" name="April.may.ResizeImage" time="6.744" errors="0" timestamp="2024-04-20T17:40:37 IST" skipped="0">
  <testcase classname="April.may.ResizeImage" name="resize" time="6.744"/>
  <system-out/>
</testsuite> <!-- April.may.ResizeImage -->
