<?xml version="1.0" encoding="UTF-8"?>
<!-- Generated by org.testng.reporters.JUnitReportReporter -->
<testsuite hostname="DESKTOP-RTJBO88" failures="0" tests="1" name="Frames.siblingIframes" time="5.520" errors="0" timestamp="2024-08-19T00:11:06 IST" skipped="0">
  <testcase classname="Frames.siblingIframes" name="silbingframe" time="5.520"/>
  <system-out/>
</testsuite> <!-- Frames.siblingIframes -->
