<?xml version="1.0" encoding="UTF-8"?>
<!-- Generated by org.testng.reporters.JUnitReportReporter -->
<testsuite hostname="DESKTOP-RTJBO88" failures="0" tests="1" name="dropdown" time="17.439" errors="0" timestamp="2024-05-24T23:44:01 IST" skipped="0">
  <testcase classname="dropdown" name="logins" time="17.439"/>
  <system-out/>
</testsuite> <!-- dropdown -->
