<?xml version="1.0" encoding="UTF-8"?>
<!-- Generated by org.testng.reporters.JUnitReportReporter -->
<testsuite hostname="DESKTOP-RTJBO88" failures="0" tests="2" name="April.may.ArraylistInAutoroxstock" time="15.904" errors="0" timestamp="2024-07-21T00:24:20 EEST" skipped="0">
  <testcase classname="April.may.ArraylistInAutoroxstock" name="login" time="15.673"/>
  <system-out/>
  <testcase classname="April.may.ArraylistInAutoroxstock" name="getAllxpathElementsdata" time="0.231"/>
  <system-out/>
</testsuite> <!-- April.may.ArraylistInAutoroxstock -->
