<?xml version="1.0" encoding="UTF-8"?>
<!-- Generated by org.testng.reporters.JUnitReportReporter -->
<testsuite hostname="DESKTOP-RTJBO88" failures="0" tests="1" name="April.may.JavascriptExecutorOne" time="34.260" errors="0" timestamp="2024-06-12T23:43:55 IST" skipped="0">
  <testcase classname="April.may.JavascriptExecutorOne" name="Javascript" time="34.260"/>
  <system-out/>
</testsuite> <!-- April.may.JavascriptExecutorOne -->
