<?xml version="1.0" encoding="UTF-8"?>
<!-- Generated by org.testng.reporters.JUnitReportReporter -->
<testsuite hostname="DESKTOP-RTJBO88" failures="0" tests="1" name="Autodropdown" time="23.050" errors="0" timestamp="31 Mar 2024 06:24:21 GMT">
  <testcase classname="Autodropdown" name="login" time="23.050"/>
</testsuite> <!-- Autodropdown -->
