<?xml version="1.0" encoding="UTF-8"?>
<!-- Generated by org.testng.reporters.JUnitReportReporter -->
<testsuite hostname="DESKTOP-RTJBO88" failures="0" tests="4" name="samplepackage.ClassC" time="0.071" errors="0" timestamp="2 Mar 2024 19:38:31 GMT">
  <testcase classname="samplepackage.ClassC" name="CarAone" time="0.008"/>
  <testcase classname="samplepackage.ClassC" name="CarBone" time="0.003"/>
  <testcase classname="samplepackage.ClassC" name="CarCone" time="0.049"/>
  <testcase classname="samplepackage.ClassC" name="invalidCredentials" time="0.011"/>
</testsuite> <!-- samplepackage.ClassC -->
