<?xml version="1.0" encoding="UTF-8"?>
<!-- Generated by org.testng.reporters.JUnitReportReporter -->
<testsuite hostname="DESKTOP-RTJBO88" failures="0" tests="3" name="ClassB" time="0.032" errors="0" timestamp="17 Feb 2024 14:38:11 GMT">
  <testcase classname="ClassB" name="carCthree" time="0.004"/>
  <testcase classname="ClassB" name="carBone" time="0.021"/>
  <testcase classname="ClassB" name="carBtwo" time="0.007"/>
</testsuite> <!-- ClassB -->
