<?xml version="1.0" encoding="UTF-8"?>
<!-- Generated by org.testng.reporters.JUnitReportReporter -->
<testsuite hostname="DESKTOP-RTJBO88" failures="0" tests="1" name="com.latest.LatestPracticeOne" time="15.309" errors="0" timestamp="16 Mar 2024 12:37:11 GMT">
  <testcase classname="com.latest.LatestPracticeOne" name="createlogin" time="15.309"/>
</testsuite> <!-- com.latest.LatestPracticeOne -->
