<?xml version="1.0" encoding="UTF-8"?>
<!-- Generated by org.testng.reporters.JUnitReportReporter -->
<testsuite hostname="DESKTOP-RTJBO88" failures="0" tests="1" name="com.latest.LatestPractice" time="0.023" errors="0" timestamp="16 Mar 2024 04:37:52 GMT">
  <testcase classname="com.latest.LatestPractice" name="randomnumber" time="0.023"/>
</testsuite> <!-- com.latest.LatestPractice -->
