<?xml version="1.0" encoding="UTF-8"?>
<!-- Generated by org.testng.reporters.JUnitReportReporter -->
<testsuite hostname="DESKTOP-RTJBO88" failures="0" tests="2" name="com.MarchAutomation.MarchAutomation" time="27.556" errors="0" timestamp="9 Apr 2024 17:58:25 GMT">
  <testcase classname="com.MarchAutomation.MarchAutomation" name="login" time="27.527"/>
  <testcase classname="com.MarchAutomation.MarchAutomation" name="propertiesfile" time="0.029"/>
</testsuite> <!-- com.MarchAutomation.MarchAutomation -->
