<?xml version="1.0" encoding="UTF-8"?>
<!-- Generated by org.testng.reporters.JUnitReportReporter -->
<testsuite hostname="DESKTOP-RTJBO88" failures="0" tests="1" name="automation.NewdropdowninAX" time="13.272" errors="0" timestamp="7 Apr 2024 09:19:30 GMT">
  <testcase classname="automation.NewdropdowninAX" name="login" time="13.272"/>
</testsuite> <!-- automation.NewdropdowninAX -->
