<?xml version="1.0" encoding="UTF-8"?>
<!-- Generated by org.testng.reporters.JUnitReportReporter -->
<testsuite hostname="DESKTOP-RTJBO88" failures="0" tests="3" name="samplepackage.ClassE" time="0.009" errors="0" timestamp="2 Mar 2024 19:38:31 GMT">
  <testcase classname="samplepackage.ClassE" name="facebook" time="0.001"/>
  <testcase classname="samplepackage.ClassE" name="orkut" time="0.005"/>
  <testcase classname="samplepackage.ClassE" name="twitter" time="0.003"/>
</testsuite> <!-- samplepackage.ClassE -->
