<?xml version="1.0" encoding="UTF-8"?>
<!-- Generated by org.testng.reporters.JUnitReportReporter -->
<testsuite hostname="DESKTOP-RTJBO88" failures="0" tests="1" name="com.qafox.dropdownPractice" time="6.614" errors="0" timestamp="7 Apr 2024 10:45:49 GMT">
  <testcase classname="com.qafox.dropdownPractice" name="dropdown" time="6.614"/>
</testsuite> <!-- com.qafox.dropdownPractice -->
