<?xml version="1.0" encoding="UTF-8"?>
<!-- Generated by org.testng.reporters.JUnitReportReporter -->
<testsuite hostname="DESKTOP-RTJBO88" failures="0" tests="4" name="samplepackage.ClassD" time="0.011" errors="0" timestamp="2 Mar 2024 19:38:31 GMT">
  <testcase classname="samplepackage.ClassD" name="login" time="0.003"/>
  <testcase classname="samplepackage.ClassD" name="carBtwo" time="0.002"/>
  <testcase classname="samplepackage.ClassD" name="carBone" time="0.003"/>
  <testcase classname="samplepackage.ClassD" name="carCthree" time="0.003"/>
</testsuite> <!-- samplepackage.ClassD -->
