<?xml version="1.0" encoding="UTF-8"?>
<!-- Generated by org.testng.reporters.JUnitReportReporter -->
<testsuite hostname="DESKTOP-RTJBO88" failures="0" tests="3" name="samplepackage.ClassF" time="0.013" errors="0" timestamp="2 Mar 2024 19:38:31 GMT">
  <testcase classname="samplepackage.ClassF" name="school" time="0.001"/>
  <testcase classname="samplepackage.ClassF" name="job" time="0.003"/>
  <testcase classname="samplepackage.ClassF" name="collage" time="0.009"/>
</testsuite> <!-- samplepackage.ClassF -->
