<?xml version="1.0" encoding="UTF-8"?>
<!-- Generated by org.testng.reporters.JUnitReportReporter -->
<testsuite hostname="DESKTOP-RTJBO88" failures="0" tests="1" name="saitestngpractice.one.excelPractice" time="3.134" errors="0" timestamp="2024-01-13T15:29:14 IST" skipped="0">
  <testcase classname="saitestngpractice.one.excelPractice" name="createExcel" time="3.134"/>
  <system-out/>
</testsuite> <!-- saitestngpractice.one.excelPractice -->
