<?xml version="1.0" encoding="UTF-8"?>
<!-- Generated by org.testng.reporters.JUnitReportReporter -->
<testsuite hostname="DESKTOP-RTJBO88" failures="0" tests="2" name="saitestngpractice.one.dataProvider" time="0.027" errors="0" timestamp="2023-09-17T17:23:53 IST" skipped="0">
  <testcase classname="saitestngpractice.one.dataProvider" name="login" time="0.021"/>
  <system-out/>
  <testcase classname="saitestngpractice.one.dataProvider" name="login" time="0.006"/>
  <system-out/>
</testsuite> <!-- saitestngpractice.one.dataProvider -->
