<?xml version="1.0" encoding="UTF-8"?>
<!-- Generated by org.testng.reporters.JUnitReportReporter -->
<testsuite hostname="DESKTOP-RTJBO88" failures="0" tests="1" name="saitestngpractice.one.axtrail" time="37.922" errors="0" timestamp="2024-04-01T15:53:16 IST" skipped="0">
  <testcase classname="saitestngpractice.one.axtrail" name="opennewjobcard" time="37.922"/>
  <system-out/>
</testsuite> <!-- saitestngpractice.one.axtrail -->
