<?xml version="1.0" encoding="UTF-8"?>
<!-- Generated by org.testng.reporters.JUnitReportReporter -->
<testsuite hostname="DESKTOP-RTJBO88" failures="0" tests="1" name="saitestngpractice.one.Waits" time="10.196" errors="0" timestamp="2024-02-11T19:14:42 IST" skipped="0">
  <testcase classname="saitestngpractice.one.Waits" name="waitOne" time="10.196"/>
  <system-out/>
</testsuite> <!-- saitestngpractice.one.Waits -->
