<?xml version="1.0" encoding="UTF-8"?>
<!-- Generated by org.testng.reporters.JUnitReportReporter -->
<testsuite hostname="DESKTOP-RTJBO88" failures="0" tests="1" name="saitestngpractice.one.qafox" time="11.858" errors="0" timestamp="2023-08-27T22:11:44 IST" skipped="0">
  <testcase classname="saitestngpractice.one.qafox" name="openqafox" time="11.858"/>
  <system-out/>
</testsuite> <!-- saitestngpractice.one.qafox -->
