<?xml version="1.0" encoding="UTF-8"?>
<!-- Generated by org.testng.reporters.JUnitReportReporter -->
<testsuite hostname="DESKTOP-RTJBO88" failures="0" tests="1" name="saitestngpractice.one.Timeoutinselenium" time="7.908" errors="0" timestamp="2023-11-03T00:00:04 IST" skipped="0">
  <testcase classname="saitestngpractice.one.Timeoutinselenium" name="timeout" time="7.908"/>
  <system-out/>
</testsuite> <!-- saitestngpractice.one.Timeoutinselenium -->
