<?xml version="1.0" encoding="UTF-8"?>
<!-- Generated by org.testng.reporters.JUnitReportReporter -->
<testsuite hostname="DESKTOP-RTJBO88" failures="0" tests="1" name="saitestngpractice.one.NewJan" time="3.294" errors="0" timestamp="2024-01-13T19:51:14 IST" skipped="0">
  <testcase classname="saitestngpractice.one.NewJan" name="Janexcel" time="3.294"/>
  <system-out/>
</testsuite> <!-- saitestngpractice.one.NewJan -->
