<?xml version="1.0" encoding="UTF-8"?>
<!-- Generated by org.testng.reporters.JUnitReportReporter -->
<testsuite hostname="DESKTOP-RTJBO88" failures="0" tests="1" name="saitestngpractice.one.dataproviderselenium" time="0.031" errors="0" timestamp="2023-10-22T12:30:35 IST" skipped="0">
  <testcase classname="saitestngpractice.one.dataproviderselenium" name="exceldataprovider" time="0.031"/>
  <system-out/>
</testsuite> <!-- saitestngpractice.one.dataproviderselenium -->
